{"name": "test_keyword_search", "status": "failed", "statusDetails": {"message": "AssertionError: 未能找到cat关键字\nassert False", "trace": "test_setup = {'adb': <utils.adb_utils.ADBUtils object at 0x000001A420A1A020>, 'start_time': datetime.datetime(2025, 9, 12, 18, 55, 22, 573846), 'test_dir': 'tests\\\\reports\\\\test_keyword_search_20250912_185522', 'test_name': 'test_keyword_search'}\n\n    @allure.feature(\"Home\")\n    @allure.story(\"entrance\")\n    @pytest.mark.test\n    def test_keyword_search(test_setup):\n        \"\"\"测试Search页面关键字搜索\"\"\"\n        test_dir = test_setup[\"test_dir\"]\n    \n        with allure.step(\"步骤1: 进入Search页面\"):\n            logger.info(\"使用adb指令进入Search页面\")\n            device.启动应用(\"com.whaletv.launcher\",\"com.zeasn.whaletv.module.home.page.HomeSearchActivity\")\n            time.sleep(2)  # 增加等待时间，确保动作完成\n            device.添加截图到allure报告(\"Search页面\", test_dir=test_dir)\n    \n        with allure.step(\"步骤2: 点击遥控OK键激活输入框\"):\n            logger.info(\"点击遥控OK键\")\n            device.点击遥控OK()\n            time.sleep(2)  # 增加等待时间，确保动作完成\n            device.添加截图到allure报告(\"激活输入框\", test_dir=test_dir)\n            time.sleep(2)  # 增加等待时间，确保动作完成\n            logger.info(\"输入搜索关键词\")\n            device.输入文本(\"cat\")\n            time.sleep(2)  # 增加等待时间，确保动作完成\n            device.添加截图到allure报告(\"输入cat关键词\", test_dir=test_dir)\n            time.sleep(2)  # 增加等待时间，确保动作完成\n            device.点击键盘回车()\n            time.sleep(2)  # 增加等待时间，确保动作完成\n            device.添加截图到allure报告(\"搜索结果\", test_dir=test_dir)\n    \n        with allure.step(\"步骤3: 验证进入Search页面\"):\n            time.sleep(10)\n            device.点击遥控下()\n            time.sleep(2)  # 增加等待时间，确保动作完成\n            device.点击遥控下()\n            time.sleep(2)  # 增加等待时间，确保动作完成\n            device.添加截图到allure报告(\"搜索结果\", test_dir=test_dir)\n            # 验证截图中是否包含Popular Search\n            # find_text方法返回布尔值，找到返回True，未找到返回False\n            text_found = device.查找文字(\"cat\", test_dir=test_dir)\n            logger.info(f\"文字查找结果: {text_found}\")\n>           assert text_found, \"未能找到cat关键字\"\nE           AssertionError: 未能找到cat关键字\nE           assert False\n\ntests\\cases\\quicktest\\test_home.py:89: AssertionError"}, "description": "测试Search页面关键字搜索", "steps": [{"name": "步骤1: 进入Search页面", "status": "passed", "attachments": [{"name": "Search页面", "source": "2242bc8b-8cd2-462b-a328-a512e7a2e586-attachment.png", "type": "image/png"}], "start": 1757674522743, "stop": 1757674526205}, {"name": "步骤2: 点击遥控OK键激活输入框", "status": "passed", "attachments": [{"name": "激活输入框", "source": "462054b0-9bdd-4172-bf29-742f75979fc4-attachment.png", "type": "image/png"}, {"name": "输入cat关键词", "source": "115763a3-d7d8-4743-a256-215fb6fcb2c0-attachment.png", "type": "image/png"}, {"name": "搜索结果", "source": "c3ed457c-a6a0-46c1-aa91-84c245bcd61a-attachment.png", "type": "image/png"}], "start": 1757674526205, "stop": 1757674540464}, {"name": "步骤3: 验证进入Search页面", "status": "failed", "statusDetails": {"message": "AssertionError: 未能找到cat关键字\nassert False\n", "trace": "  File \"E:\\STB\\UIAutomate\\stb_automation_v1\\tests\\cases\\quicktest\\test_home.py\", line 89, in test_keyword_search\n    assert text_found, \"未能找到cat关键字\"\n"}, "attachments": [{"name": "搜索结果", "source": "1a697a5e-da85-4d7d-9835-4df3e19d98ed-attachment.png", "type": "image/png"}], "start": 1757674540464, "stop": 1757674565550}], "attachments": [{"name": "失败截图", "source": "1c188cd4-ee9b-41c6-b4ba-c8568ddfa731-attachment.png", "type": "image/png"}, {"name": "log", "source": "f5493312-248f-4e64-a112-9912943df115-attachment.txt", "type": "text/plain"}, {"name": "stdout", "source": "e2e4a762-7d21-451f-b6eb-bd7015d21528-attachment.txt", "type": "text/plain"}, {"name": "stderr", "source": "26417377-c33a-4169-940d-b382a0200598-attachment.txt", "type": "text/plain"}], "start": 1757674522743, "stop": 1757674565551, "uuid": "62a0afaf-b965-42b0-9ccf-019f3282a198", "historyId": "83dcba0a736d88a8eaea775974cb4c2f", "testCaseId": "83dcba0a736d88a8eaea775974cb4c2f", "fullName": "tests.cases.quicktest.test_home#test_keyword_search", "labels": [{"name": "feature", "value": "Home"}, {"name": "story", "value": "entrance"}, {"name": "tag", "value": "test"}, {"name": "parentSuite", "value": "tests.cases.quicktest"}, {"name": "suite", "value": "test_home"}, {"name": "host", "value": "DESKTOP-1KCR62H"}, {"name": "thread", "value": "22048-MainThread"}, {"name": "framework", "value": "pytest"}, {"name": "language", "value": "cpython3"}, {"name": "package", "value": "tests.cases.quicktest.test_home"}]}