{"name": "test_keyword_search", "status": "failed", "statusDetails": {"message": "AssertionError: 未能找到cat关键字\nassert False", "trace": "test_setup = {'adb': <utils.adb_utils.ADBUtils object at 0x000001A420A1A020>, 'start_time': datetime.datetime(2025, 9, 12, 18, 54, 34, 485048), 'test_dir': 'tests\\\\reports\\\\test_keyword_search_20250912_185434', 'test_name': 'test_keyword_search'}\n\n    @allure.feature(\"Home\")\n    @allure.story(\"entrance\")\n    @pytest.mark.test\n    def test_keyword_search(test_setup):\n        \"\"\"测试Search页面关键字搜索\"\"\"\n        test_dir = test_setup[\"test_dir\"]\n    \n        with allure.step(\"步骤1: 进入Search页面\"):\n            logger.info(\"使用adb指令进入Search页面\")\n            device.启动应用(\"com.whaletv.launcher\",\"com.zeasn.whaletv.module.home.page.HomeSearchActivity\")\n            time.sleep(2)  # 增加等待时间，确保动作完成\n            device.添加截图到allure报告(\"Search页面\", test_dir=test_dir)\n    \n        with allure.step(\"步骤2: 点击遥控OK键激活输入框\"):\n            logger.info(\"点击遥控OK键\")\n            device.点击遥控OK()\n            time.sleep(2)  # 增加等待时间，确保动作完成\n            device.添加截图到allure报告(\"激活输入框\", test_dir=test_dir)\n            time.sleep(2)  # 增加等待时间，确保动作完成\n            logger.info(\"输入搜索关键词\")\n            device.输入文本(\"cat\")\n            time.sleep(2)  # 增加等待时间，确保动作完成\n            device.添加截图到allure报告(\"输入cat关键词\", test_dir=test_dir)\n            time.sleep(2)  # 增加等待时间，确保动作完成\n            device.点击键盘回车()\n            time.sleep(2)  # 增加等待时间，确保动作完成\n            device.添加截图到allure报告(\"搜索结果\", test_dir=test_dir)\n    \n        with allure.step(\"步骤3: 验证进入Search页面\"):\n            time.sleep(10)\n            device.点击遥控下()\n            time.sleep(2)  # 增加等待时间，确保动作完成\n            device.点击遥控下()\n            time.sleep(2)  # 增加等待时间，确保动作完成\n            device.添加截图到allure报告(\"搜索结果\", test_dir=test_dir)\n            # 验证截图中是否包含Popular Search\n            # find_text方法返回布尔值，找到返回True，未找到返回False\n            text_found = device.查找文字(\"cat\", test_dir=test_dir)\n            logger.info(f\"文字查找结果: {text_found}\")\n>           assert text_found, \"未能找到cat关键字\"\nE           AssertionError: 未能找到cat关键字\nE           assert False\n\ntests\\cases\\quicktest\\test_home.py:89: AssertionError"}, "description": "测试Search页面关键字搜索", "steps": [{"name": "步骤1: 进入Search页面", "status": "passed", "attachments": [{"name": "Search页面", "source": "144b5a1d-ce96-445b-b46f-f87f09389c8d-attachment.png", "type": "image/png"}], "start": 1757674474713, "stop": 1757674478194}, {"name": "步骤2: 点击遥控OK键激活输入框", "status": "passed", "attachments": [{"name": "激活输入框", "source": "33d440a5-76dc-4824-b117-c89090857a7b-attachment.png", "type": "image/png"}, {"name": "输入cat关键词", "source": "9957b552-4ed4-4ca0-9909-3a17c5aef68d-attachment.png", "type": "image/png"}, {"name": "搜索结果", "source": "6afb5762-7aa8-4c67-9a01-e0bcca697f25-attachment.png", "type": "image/png"}], "start": 1757674478194, "stop": 1757674492423}, {"name": "步骤3: 验证进入Search页面", "status": "failed", "statusDetails": {"message": "AssertionError: 未能找到cat关键字\nassert False\n", "trace": "  File \"E:\\STB\\UIAutomate\\stb_automation_v1\\tests\\cases\\quicktest\\test_home.py\", line 89, in test_keyword_search\n    assert text_found, \"未能找到cat关键字\"\n"}, "attachments": [{"name": "搜索结果", "source": "029e9e36-2c6a-4582-be73-38f630edde19-attachment.png", "type": "image/png"}], "start": 1757674492423, "stop": 1757674517727}], "attachments": [{"name": "失败截图", "source": "f4eef248-c5b1-43b1-bc0c-b303e31dee4a-attachment.png", "type": "image/png"}, {"name": "log", "source": "649579be-f9ac-4a4a-963d-1985aeebb5f3-attachment.txt", "type": "text/plain"}, {"name": "stdout", "source": "a50c1972-5cc8-45c5-8182-a0c0768dc9a1-attachment.txt", "type": "text/plain"}, {"name": "stderr", "source": "9d009afd-43ce-496b-818c-6bec492fae79-attachment.txt", "type": "text/plain"}], "start": 1757674474713, "stop": 1757674517728, "uuid": "f0722ca8-19da-444e-9bf7-e05488c2a638", "historyId": "83dcba0a736d88a8eaea775974cb4c2f", "testCaseId": "83dcba0a736d88a8eaea775974cb4c2f", "fullName": "tests.cases.quicktest.test_home#test_keyword_search", "labels": [{"name": "feature", "value": "Home"}, {"name": "story", "value": "entrance"}, {"name": "tag", "value": "test"}, {"name": "parentSuite", "value": "tests.cases.quicktest"}, {"name": "suite", "value": "test_home"}, {"name": "host", "value": "DESKTOP-1KCR62H"}, {"name": "thread", "value": "22048-MainThread"}, {"name": "framework", "value": "pytest"}, {"name": "language", "value": "cpython3"}, {"name": "package", "value": "tests.cases.quicktest.test_home"}]}